Determining if the pthread_create exist failed with the following output:
Change Dir: /home/nimpng/catkin_ws/src/iai_kinect2/kinect2_viewer/build/CMakeFiles/CMakeTmp

Run Build Command:"/usr/bin/make" "cmTC_27586/fast"
/usr/bin/make -f CMakeFiles/cmTC_27586.dir/build.make CMakeFiles/cmTC_27586.dir/build
make[1]: Entering directory '/home/nimpng/catkin_ws/src/iai_kinect2/kinect2_viewer/build/CMakeFiles/CMakeTmp'
Building C object CMakeFiles/cmTC_27586.dir/CheckSymbolExists.c.o
/usr/bin/cc    -o CMakeFiles/cmTC_27586.dir/CheckSymbolExists.c.o   -c /home/nimpng/catkin_ws/src/iai_kinect2/kinect2_viewer/build/CMakeFiles/CMakeTmp/CheckSymbolExists.c
Linking C executable cmTC_27586
/usr/bin/cmake -E cmake_link_script CMakeFiles/cmTC_27586.dir/link.txt --verbose=1
/usr/bin/cc      -rdynamic CMakeFiles/cmTC_27586.dir/CheckSymbolExists.c.o  -o cmTC_27586 
CMakeFiles/cmTC_27586.dir/CheckSymbolExists.c.o: In function `main':
CheckSymbolExists.c:(.text+0x1b): undefined reference to `pthread_create'
collect2: error: ld returned 1 exit status
CMakeFiles/cmTC_27586.dir/build.make:97: recipe for target 'cmTC_27586' failed
make[1]: *** [cmTC_27586] Error 1
make[1]: Leaving directory '/home/nimpng/catkin_ws/src/iai_kinect2/kinect2_viewer/build/CMakeFiles/CMakeTmp'
Makefile:126: recipe for target 'cmTC_27586/fast' failed
make: *** [cmTC_27586/fast] Error 2

File /home/nimpng/catkin_ws/src/iai_kinect2/kinect2_viewer/build/CMakeFiles/CMakeTmp/CheckSymbolExists.c:
/* */
#include <pthread.h>

int main(int argc, char** argv)
{
  (void)argv;
#ifndef pthread_create
  return ((int*)(&pthread_create))[argc];
#else
  (void)argc;
  return 0;
#endif
}

Determining if the function pthread_create exists in the pthreads failed with the following output:
Change Dir: /home/nimpng/catkin_ws/src/iai_kinect2/kinect2_viewer/build/CMakeFiles/CMakeTmp

Run Build Command:"/usr/bin/make" "cmTC_20713/fast"
/usr/bin/make -f CMakeFiles/cmTC_20713.dir/build.make CMakeFiles/cmTC_20713.dir/build
make[1]: Entering directory '/home/nimpng/catkin_ws/src/iai_kinect2/kinect2_viewer/build/CMakeFiles/CMakeTmp'
Building C object CMakeFiles/cmTC_20713.dir/CheckFunctionExists.c.o
/usr/bin/cc   -DCHECK_FUNCTION_EXISTS=pthread_create   -o CMakeFiles/cmTC_20713.dir/CheckFunctionExists.c.o   -c /usr/share/cmake-3.10/Modules/CheckFunctionExists.c
Linking C executable cmTC_20713
/usr/bin/cmake -E cmake_link_script CMakeFiles/cmTC_20713.dir/link.txt --verbose=1
/usr/bin/cc  -DCHECK_FUNCTION_EXISTS=pthread_create    -rdynamic CMakeFiles/cmTC_20713.dir/CheckFunctionExists.c.o  -o cmTC_20713 -lpthreads 
/usr/bin/x86_64-linux-gnu-ld: cannot find -lpthreads
collect2: error: ld returned 1 exit status
CMakeFiles/cmTC_20713.dir/build.make:97: recipe for target 'cmTC_20713' failed
make[1]: *** [cmTC_20713] Error 1
make[1]: Leaving directory '/home/nimpng/catkin_ws/src/iai_kinect2/kinect2_viewer/build/CMakeFiles/CMakeTmp'
Makefile:126: recipe for target 'cmTC_20713/fast' failed
make: *** [cmTC_20713/fast] Error 2


